Arguments: 
  C:\Program Files\nodejs\node.exe C:\Users\Sabbu\AppData\Roaming\npm\node_modules\yarn\bin\yarn.js install

PATH: 
  C:\Users\Sabbu\bin;C:\Program Files\Git\mingw64\bin;C:\Program Files\Git\usr\local\bin;C:\Program Files\Git\usr\bin;C:\Program Files\Git\usr\bin;C:\Program Files\Git\mingw64\bin;C:\Program Files\Git\usr\bin;C:\Users\Sabbu\bin;C:\Program Files\MongoDB\Server\4.0\bin;C:\Program Files\Microsoft MPI\Bin;C:\Program Files (x86)\Common Files\Oracle\Java\javapath;C:\WINDOWS\system32;C:\WINDOWS;C:\WINDOWS\System32\Wbem;C:\WINDOWS\System32\WindowsPowerShell\v1.0;C:\WINDOWS\System32\OpenSSH;C:\Program Files (x86)\Microsoft SQL Server\130\Tools\Binn;C:\Program Files\Microsoft SQL Server\130\Tools\Binn;C:\Program Files (x86)\Microsoft SQL Server\130\DTS\Binn;C:\Program Files\Microsoft SQL Server\130\DTS\Binn;C:\Program Files\Microsoft SQL Server\Client SDK\ODBC\130\Tools\Binn;C:\Program Files (x86)\Microsoft SQL Server\150\DTS\Binn;C:\Program Files\Microsoft VS Code\bin;C:\Program Files\nodejs;C:\ProgramData\chocolatey\bin;C:\Program Files\Microsoft SQL Server\Client SDK\ODBC\170\Tools\Binn;C:\Program Files\dotnet;C:\Program Files\Git\cmd;C:\Program Files (x86)\dotnet;C:\Program Files\MySQL\MySQL Shell 8.0\bin;C:\Users\Sabbu\AppData\Local\Microsoft\WindowsApps;C:\Users\Sabbu\AppData\Local\atom\bin;C:\Users\Sabbu\AppData\Local\Microsoft\WindowsApps;C:\Users\Sabbu\AppData\Roaming\npm;C:\Users\Sabbu\.dotnet\tools;C:\MinGW\bin;C:\Program Files\Git\usr\bin\vendor_perl;C:\Program Files\Git\usr\bin\core_perl

Yarn version: 
  1.22.19

Node version: 
  14.17.3

Platform: 
  win32 x64

Trace: 
  TypeError [ERR_INVALID_ARG_TYPE]: The "path" argument must be of type string. Received [Object: null prototype]
      at validateString (internal/validators.js:124:11)
      at Object.isAbsolute (path.js:398:5)
      at module.exports.exports.default (C:\Users\Sabbu\AppData\Roaming\npm\node_modules\yarn\lib\cli.js:97087:16)
      at C:\Users\Sabbu\AppData\Roaming\npm\node_modules\yarn\lib\cli.js:51330:63
      at Generator.next (<anonymous>)
      at step (C:\Users\Sabbu\AppData\Roaming\npm\node_modules\yarn\lib\cli.js:310:30)
      at C:\Users\Sabbu\AppData\Roaming\npm\node_modules\yarn\lib\cli.js:321:13

npm manifest: 
  {
    "name": "talentbox-node",
    "version": "1.0.0",
    "description": "",
    "main": "index.js",
    "scripts": {
      "start": "nodemon --exec node app.js --port 3000",
      "test": "echo \"Error: no test specified\" && exit 1"
    },
    "author": "",
    "license": "ISC",
    "dependencies": {
      "dependencies": {
        "bcrypt": "^5.1.0",
        "cookie-parser": "^1.4.6",
        "cors": "^2.8.5",
        "express": "^4.18.2",
        "jsonwebtoken": "^9.0.0",
        "mongoose": "^7.0.2",
        "nodemon": "^2.0.21"
      }
    }
  }

yarn manifest: 
  No manifest

Lockfile: 
  No lockfile
